<?xml version="1.0" encoding="UTF-8"?>
<!-- Generated by org.testng.reporters.JUnitXMLReporter -->
<testsuite hostname="LAPTOP-THVK1LJ5" ignored="0" name="Surefire test" tests="4" failures="0" timestamp="03 Dec 2020 16:50:52 GMT" time="0.073" errors="0">
  <testcase name="IOSApps" time="0.012" classname="qa.maven.adi.MavenProject.AppiumTest"/>
  <testcase name="NativeAndroid" time="0.0" classname="qa.maven.adi.MavenProject.AppiumTest"/>
  <testcase name="deleteTwitter" time="0.0" classname="qa.maven.adi.MavenProject.RestAPITest"/>
  <testcase name="postJira" time="0.0" classname="qa.maven.adi.MavenProject.RestAPITest"/>
</testsuite> <!-- Surefire test -->
