<?xml version="1.0" encoding="UTF-8"?>
<!-- Generated by org.testng.reporters.JUnitXMLReporter -->
<testsuite hostname="LAPTOP-THVK1LJ5" ignored="0" name="Test" tests="6" failures="0" timestamp="03 Dec 2020 17:16:27 GMT" time="0.062" errors="0">
  <testcase name="IOSApps" time="0.01" classname="qa.maven.adi.MavenProject.AppiumTest"/>
  <testcase name="NativeAndroid" time="0.0" classname="qa.maven.adi.MavenProject.AppiumTest"/>
  <testcase name="BrowserAutomation" time="0.0" classname="qa.maven.adi.MavenProject.SeleniumTest"/>
  <testcase name="elementsUI" time="0.0" classname="qa.maven.adi.MavenProject.SeleniumTest"/>
  <testcase name="deleteTwitter" time="0.0" classname="qa.maven.adi.MavenProject.RestAPITest"/>
  <testcase name="postJira" time="0.0" classname="qa.maven.adi.MavenProject.RestAPITest"/>
</testsuite> <!-- Test -->
